# JRE version: OpenJDK Runtime Environment (17.0.6) (build 17.0.6+0-b2043.56-9586694)
# Java VM: OpenJDK 64-Bit Server VM (17.0.6+0-b2043.56-9586694, mixed mode, tiered, compressed oops, compressed class ptrs, g1 gc, windows-amd64)
GC Precious Log:
 CPUs: 8 total, 8 available
 Memory: 8078M
 Large Page Support: Disabled
 NUMA Support: Disabled
 Compressed Oops: Enabled (32-bit)
 Heap Region Size: 1M
 Heap Min Capacity: 8M
 Heap Initial Capacity: 128M
 Heap Max Capacity: 2G
 Pre-touch: Disabled
 Parallel Workers: 8
 Concurrent Workers: 2
 Concurrent Refinement Workers: 8
 Periodic GC: Disabled
Heap:
 garbage-first heap   total 235520K, used 188321K [0x0000000080000000, 0x0000000100000000)
  region size 1024K, 77 young (78848K), 10 survivors (10240K)
 Metaspace       used 106595K, committed 107456K, reserved 1146880K
  class space    used 14480K, committed 14912K, reserved 1048576K
GC Heap History (20 events):
Event: 26.175 GC heap before
{Heap before GC invocations=41 (full 0):
 garbage-first heap   total 157696K, used 123274K [0x0000000080000000, 0x0000000100000000)
  region size 1024K, 55 young (56320K), 4 survivors (4096K)
 Metaspace       used 84287K, committed 84864K, reserved 1122304K
  class space    used 11389K, committed 11712K, reserved 1048576K
}
Event: 26.184 GC heap after
{Heap after GC invocations=42 (full 0):
 garbage-first heap   total 157696K, used 75405K [0x0000000080000000, 0x0000000100000000)
  region size 1024K, 7 young (7168K), 7 survivors (7168K)
 Metaspace       used 84287K, committed 84864K, reserved 1122304K
  class space    used 11389K, committed 11712K, reserved 1048576K
}
Event: 27.199 GC heap before
{Heap before GC invocations=42 (full 0):
 garbage-first heap   total 157696K, used 125581K [0x0000000080000000, 0x0000000100000000)
  region size 1024K, 56 young (57344K), 7 survivors (7168K)
 Metaspace       used 90378K, committed 90944K, reserved 1130496K
  class space    used 12260K, committed 12544K, reserved 1048576K
}
Event: 27.209 GC heap after
{Heap after GC invocations=43 (full 0):
 garbage-first heap   total 157696K, used 79296K [0x0000000080000000, 0x0000000100000000)
  region size 1024K, 4 young (4096K), 4 survivors (4096K)
 Metaspace       used 90378K, committed 90944K, reserved 1130496K
  class space    used 12260K, committed 12544K, reserved 1048576K
}
Event: 27.736 GC heap before
{Heap before GC invocations=43 (full 0):
 garbage-first heap   total 157696K, used 126400K [0x0000000080000000, 0x0000000100000000)
  region size 1024K, 50 young (51200K), 4 survivors (4096K)
 Metaspace       used 91829K, committed 92480K, reserved 1130496K
  class space    used 12447K, committed 12736K, reserved 1048576K
}
Event: 27.747 GC heap after
{Heap after GC invocations=44 (full 0):
 garbage-first heap   total 157696K, used 85809K [0x0000000080000000, 0x0000000100000000)
  region size 1024K, 7 young (7168K), 7 survivors (7168K)
 Metaspace       used 91829K, committed 92480K, reserved 1130496K
  class space    used 12447K, committed 12736K, reserved 1048576K
}
Event: 28.450 GC heap before
{Heap before GC invocations=44 (full 0):
 garbage-first heap   total 157696K, used 127793K [0x0000000080000000, 0x0000000100000000)
  region size 1024K, 48 young (49152K), 7 survivors (7168K)
 Metaspace       used 93540K, committed 94144K, reserved 1130496K
  class space    used 12779K, committed 13056K, reserved 1048576K
}
Event: 28.462 GC heap after
{Heap after GC invocations=45 (full 0):
 garbage-first heap   total 157696K, used 92736K [0x0000000080000000, 0x0000000100000000)
  region size 1024K, 6 young (6144K), 6 survivors (6144K)
 Metaspace       used 93540K, committed 94144K, reserved 1130496K
  class space    used 12779K, committed 13056K, reserved 1048576K
}
Event: 28.993 GC heap before
{Heap before GC invocations=45 (full 0):
 garbage-first heap   total 157696K, used 126528K [0x0000000080000000, 0x0000000100000000)
  region size 1024K, 40 young (40960K), 6 survivors (6144K)
 Metaspace       used 94590K, committed 95232K, reserved 1138688K
  class space    used 12948K, committed 13248K, reserved 1048576K
}
Event: 29.001 GC heap after
{Heap after GC invocations=46 (full 0):
 garbage-first heap   total 235520K, used 95860K [0x0000000080000000, 0x0000000100000000)
  region size 1024K, 4 young (4096K), 4 survivors (4096K)
 Metaspace       used 94590K, committed 95232K, reserved 1138688K
  class space    used 12948K, committed 13248K, reserved 1048576K
}
Event: 30.142 GC heap before
{Heap before GC invocations=46 (full 0):
 garbage-first heap   total 235520K, used 181876K [0x0000000080000000, 0x0000000100000000)
  region size 1024K, 89 young (91136K), 4 survivors (4096K)
 Metaspace       used 95320K, committed 95936K, reserved 1138688K
  class space    used 13002K, committed 13312K, reserved 1048576K
}
Event: 30.151 GC heap after
{Heap after GC invocations=47 (full 0):
 garbage-first heap   total 235520K, used 100763K [0x0000000080000000, 0x0000000100000000)
  region size 1024K, 9 young (9216K), 9 survivors (9216K)
 Metaspace       used 95320K, committed 95936K, reserved 1138688K
  class space    used 13002K, committed 13312K, reserved 1048576K
}
Event: 30.912 GC heap before
{Heap before GC invocations=47 (full 0):
 garbage-first heap   total 235520K, used 185755K [0x0000000080000000, 0x0000000100000000)
  region size 1024K, 93 young (95232K), 9 survivors (9216K)
 Metaspace       used 95578K, committed 96256K, reserved 1138688K
  class space    used 13017K, committed 13312K, reserved 1048576K
}
Event: 30.927 GC heap after
{Heap after GC invocations=48 (full 0):
 garbage-first heap   total 235520K, used 106396K [0x0000000080000000, 0x0000000100000000)
  region size 1024K, 11 young (11264K), 11 survivors (11264K)
 Metaspace       used 95578K, committed 96256K, reserved 1138688K
  class space    used 13017K, committed 13312K, reserved 1048576K
}
Event: 32.440 GC heap before
{Heap before GC invocations=48 (full 0):
 garbage-first heap   total 235520K, used 189340K [0x0000000080000000, 0x0000000100000000)
  region size 1024K, 93 young (95232K), 11 survivors (11264K)
 Metaspace       used 102538K, committed 103232K, reserved 1138688K
  class space    used 13960K, committed 14272K, reserved 1048576K
}
Event: 32.454 GC heap after
{Heap after GC invocations=49 (full 0):
 garbage-first heap   total 235520K, used 111966K [0x0000000080000000, 0x0000000100000000)
  region size 1024K, 12 young (12288K), 12 survivors (12288K)
 Metaspace       used 102538K, committed 103232K, reserved 1138688K
  class space    used 13960K, committed 14272K, reserved 1048576K
}
Event: 32.921 GC heap before
{Heap before GC invocations=49 (full 0):
 garbage-first heap   total 235520K, used 190814K [0x0000000080000000, 0x0000000100000000)
  region size 1024K, 90 young (92160K), 12 survivors (12288K)
 Metaspace       used 103135K, committed 103936K, reserved 1146880K
  class space    used 14058K, committed 14464K, reserved 1048576K
}
Event: 32.936 GC heap after
{Heap after GC invocations=50 (full 0):
 garbage-first heap   total 235520K, used 116122K [0x0000000080000000, 0x0000000100000000)
  region size 1024K, 10 young (10240K), 10 survivors (10240K)
 Metaspace       used 103135K, committed 103936K, reserved 1146880K
  class space    used 14058K, committed 14464K, reserved 1048576K
}
Event: 136.383 GC heap before
{Heap before GC invocations=50 (full 0):
 garbage-first heap   total 235520K, used 193946K [0x0000000080000000, 0x0000000100000000)
  region size 1024K, 87 young (89088K), 10 survivors (10240K)
 Metaspace       used 106115K, committed 106944K, reserved 1146880K
  class space    used 14464K, committed 14848K, reserved 1048576K
}
Event: 136.400 GC heap after
{Heap after GC invocations=51 (full 0):
 garbage-first heap   total 235520K, used 121761K [0x0000000080000000, 0x0000000100000000)
  region size 1024K, 10 young (10240K), 10 survivors (10240K)
 Metaspace       used 106115K, committed 106944K, reserved 1146880K
  class space    used 14464K, committed 14848K, reserved 1048576K
}

