# JRE version: OpenJDK Runtime Environment (17.0.6) (build 17.0.6+0-b2043.56-9586694)
# Java VM: OpenJDK 64-Bit Server VM (17.0.6+0-b2043.56-9586694, mixed mode, tiered, compressed oops, compressed class ptrs, g1 gc, windows-amd64)
GC Precious Log:
 CPUs: 8 total, 8 available
 Memory: 8078M
 Large Page Support: Disabled
 NUMA Support: Disabled
 Compressed Oops: Enabled (32-bit)
 Heap Region Size: 1M
 Heap Min Capacity: 8M
 Heap Initial Capacity: 128M
 Heap Max Capacity: 2020M
 Pre-touch: Disabled
 Parallel Workers: 8
 Concurrent Workers: 2
 Concurrent Refinement Workers: 8
 Periodic GC: Disabled
Heap:
 garbage-first heap   total 159744K, used 66907K [0x0000000081c00000, 0x0000000100000000)
  region size 1024K, 14 young (14336K), 9 survivors (9216K)
 Metaspace       used 66787K, committed 67072K, reserved 1114112K
  class space    used 7807K, committed 7936K, reserved 1048576K
GC Heap History (20 events):
Event: 2.236 GC heap before
{Heap before GC invocations=6 (full 0):
 garbage-first heap   total 40960K, used 34508K [0x0000000081c00000, 0x0000000100000000)
  region size 1024K, 16 young (16384K), 2 survivors (2048K)
 Metaspace       used 32278K, committed 32512K, reserved 1081344K
  class space    used 4117K, committed 4224K, reserved 1048576K
}
Event: 2.245 GC heap after
{Heap after GC invocations=7 (full 0):
 garbage-first heap   total 66560K, used 23744K [0x0000000081c00000, 0x0000000100000000)
  region size 1024K, 2 young (2048K), 2 survivors (2048K)
 Metaspace       used 32278K, committed 32512K, reserved 1081344K
  class space    used 4117K, committed 4224K, reserved 1048576K
}
Event: 2.560 GC heap before
{Heap before GC invocations=7 (full 0):
 garbage-first heap   total 66560K, used 38080K [0x0000000081c00000, 0x0000000100000000)
  region size 1024K, 17 young (17408K), 2 survivors (2048K)
 Metaspace       used 35805K, committed 35968K, reserved 1081344K
  class space    used 4520K, committed 4608K, reserved 1048576K
}
Event: 2.567 GC heap after
{Heap after GC invocations=8 (full 0):
 garbage-first heap   total 66560K, used 25724K [0x0000000081c00000, 0x0000000100000000)
  region size 1024K, 4 young (4096K), 4 survivors (4096K)
 Metaspace       used 35805K, committed 35968K, reserved 1081344K
  class space    used 4520K, committed 4608K, reserved 1048576K
}
Event: 2.945 GC heap before
{Heap before GC invocations=9 (full 0):
 garbage-first heap   total 66560K, used 47228K [0x0000000081c00000, 0x0000000100000000)
  region size 1024K, 26 young (26624K), 4 survivors (4096K)
 Metaspace       used 40127K, committed 40384K, reserved 1089536K
  class space    used 4955K, committed 5056K, reserved 1048576K
}
Event: 2.955 GC heap after
{Heap after GC invocations=10 (full 0):
 garbage-first heap   total 66560K, used 25535K [0x0000000081c00000, 0x0000000100000000)
  region size 1024K, 4 young (4096K), 4 survivors (4096K)
 Metaspace       used 40127K, committed 40384K, reserved 1089536K
  class space    used 4955K, committed 5056K, reserved 1048576K
}
Event: 2.974 GC heap before
{Heap before GC invocations=10 (full 0):
 garbage-first heap   total 66560K, used 25535K [0x0000000081c00000, 0x0000000100000000)
  region size 1024K, 5 young (5120K), 4 survivors (4096K)
 Metaspace       used 40401K, committed 40640K, reserved 1089536K
  class space    used 4972K, committed 5056K, reserved 1048576K
}
Event: 2.983 GC heap after
{Heap after GC invocations=11 (full 0):
 garbage-first heap   total 66560K, used 26020K [0x0000000081c00000, 0x0000000100000000)
  region size 1024K, 1 young (1024K), 1 survivors (1024K)
 Metaspace       used 40401K, committed 40640K, reserved 1089536K
  class space    used 4972K, committed 5056K, reserved 1048576K
}
Event: 3.516 GC heap before
{Heap before GC invocations=11 (full 0):
 garbage-first heap   total 66560K, used 48548K [0x0000000081c00000, 0x0000000100000000)
  region size 1024K, 23 young (23552K), 1 survivors (1024K)
 Metaspace       used 46176K, committed 46400K, reserved 1097728K
  class space    used 5580K, committed 5696K, reserved 1048576K
}
Event: 3.524 GC heap after
{Heap after GC invocations=12 (full 0):
 garbage-first heap   total 133120K, used 27537K [0x0000000081c00000, 0x0000000100000000)
  region size 1024K, 3 young (3072K), 3 survivors (3072K)
 Metaspace       used 46176K, committed 46400K, reserved 1097728K
  class space    used 5580K, committed 5696K, reserved 1048576K
}
Event: 4.694 GC heap before
{Heap before GC invocations=12 (full 0):
 garbage-first heap   total 133120K, used 98193K [0x0000000081c00000, 0x0000000100000000)
  region size 1024K, 69 young (70656K), 3 survivors (3072K)
 Metaspace       used 51617K, committed 51904K, reserved 1097728K
  class space    used 6198K, committed 6336K, reserved 1048576K
}
Event: 4.710 GC heap after
{Heap after GC invocations=13 (full 0):
 garbage-first heap   total 133120K, used 37536K [0x0000000081c00000, 0x0000000100000000)
  region size 1024K, 9 young (9216K), 9 survivors (9216K)
 Metaspace       used 51617K, committed 51904K, reserved 1097728K
  class space    used 6198K, committed 6336K, reserved 1048576K
}
Event: 6.168 GC heap before
{Heap before GC invocations=13 (full 0):
 garbage-first heap   total 133120K, used 95904K [0x0000000081c00000, 0x0000000100000000)
  region size 1024K, 66 young (67584K), 9 survivors (9216K)
 Metaspace       used 57104K, committed 57344K, reserved 1105920K
  class space    used 6706K, committed 6848K, reserved 1048576K
}
Event: 6.194 GC heap after
{Heap after GC invocations=14 (full 0):
 garbage-first heap   total 133120K, used 46805K [0x0000000081c00000, 0x0000000100000000)
  region size 1024K, 9 young (9216K), 9 survivors (9216K)
 Metaspace       used 57104K, committed 57344K, reserved 1105920K
  class space    used 6706K, committed 6848K, reserved 1048576K
}
Event: 6.803 GC heap before
{Heap before GC invocations=14 (full 0):
 garbage-first heap   total 133120K, used 98005K [0x0000000081c00000, 0x0000000100000000)
  region size 1024K, 59 young (60416K), 9 survivors (9216K)
 Metaspace       used 58900K, committed 59264K, reserved 1105920K
  class space    used 6924K, committed 7104K, reserved 1048576K
}
Event: 6.823 GC heap after
{Heap after GC invocations=15 (full 0):
 garbage-first heap   total 133120K, used 52664K [0x0000000081c00000, 0x0000000100000000)
  region size 1024K, 5 young (5120K), 5 survivors (5120K)
 Metaspace       used 58900K, committed 59264K, reserved 1105920K
  class space    used 6924K, committed 7104K, reserved 1048576K
}
Event: 7.208 GC heap before
{Heap before GC invocations=15 (full 0):
 garbage-first heap   total 133120K, used 59832K [0x0000000081c00000, 0x0000000100000000)
  region size 1024K, 13 young (13312K), 5 survivors (5120K)
 Metaspace       used 60041K, committed 60288K, reserved 1105920K
  class space    used 7047K, committed 7168K, reserved 1048576K
}
Event: 7.226 GC heap after
{Heap after GC invocations=16 (full 0):
 garbage-first heap   total 159744K, used 54111K [0x0000000081c00000, 0x0000000100000000)
  region size 1024K, 2 young (2048K), 2 survivors (2048K)
 Metaspace       used 60041K, committed 60288K, reserved 1105920K
  class space    used 7047K, committed 7168K, reserved 1048576K
}
Event: 10.322 GC heap before
{Heap before GC invocations=17 (full 0):
 garbage-first heap   total 159744K, used 121695K [0x0000000081c00000, 0x0000000100000000)
  region size 1024K, 67 young (68608K), 2 survivors (2048K)
 Metaspace       used 66432K, committed 66752K, reserved 1114112K
  class space    used 7798K, committed 7936K, reserved 1048576K
}
Event: 10.343 GC heap after
{Heap after GC invocations=18 (full 0):
 garbage-first heap   total 159744K, used 62811K [0x0000000081c00000, 0x0000000100000000)
  region size 1024K, 9 young (9216K), 9 survivors (9216K)
 Metaspace       used 66432K, committed 66752K, reserved 1114112K
  class space    used 7798K, committed 7936K, reserved 1048576K
}

