# JRE version: OpenJDK Runtime Environment (17.0.6) (build 17.0.6+0-b2043.56-9586694)
# Java VM: OpenJDK 64-Bit Server VM (17.0.6+0-b2043.56-9586694, mixed mode, tiered, compressed oops, compressed class ptrs, g1 gc, windows-amd64)
GC Precious Log:
 CPUs: 8 total, 8 available
 Memory: 8078M
 Large Page Support: Disabled
 NUMA Support: Disabled
 Compressed Oops: Enabled (32-bit)
 Heap Region Size: 1M
 Heap Min Capacity: 8M
 Heap Initial Capacity: 128M
 Heap Max Capacity: 2G
 Pre-touch: Disabled
 Parallel Workers: 8
 Concurrent Workers: 2
 Concurrent Refinement Workers: 8
 Periodic GC: Disabled
Heap:
 garbage-first heap   total 312320K, used 192390K [0x0000000080000000, 0x0000000100000000)
  region size 1024K, 8 young (8192K), 8 survivors (8192K)
 Metaspace       used 139127K, committed 140160K, reserved 1171456K
  class space    used 19338K, committed 19840K, reserved 1048576K
GC Heap History (20 events):
Event: 109.131 GC heap after
{Heap after GC invocations=44 (full 0):
 garbage-first heap   total 236544K, used 143517K [0x0000000080000000, 0x0000000100000000)
  region size 1024K, 2 young (2048K), 2 survivors (2048K)
 Metaspace       used 110040K, committed 110912K, reserved 1146880K
  class space    used 14849K, committed 15232K, reserved 1048576K
}
Event: 109.870 GC heap before
{Heap before GC invocations=44 (full 0):
 garbage-first heap   total 236544K, used 183453K [0x0000000080000000, 0x0000000100000000)
  region size 1024K, 43 young (44032K), 2 survivors (2048K)
 Metaspace       used 111777K, committed 112704K, reserved 1146880K
  class space    used 15056K, committed 15488K, reserved 1048576K
}
Event: 109.877 GC heap after
{Heap after GC invocations=45 (full 0):
 garbage-first heap   total 236544K, used 146080K [0x0000000080000000, 0x0000000100000000)
  region size 1024K, 4 young (4096K), 4 survivors (4096K)
 Metaspace       used 111777K, committed 112704K, reserved 1146880K
  class space    used 15056K, committed 15488K, reserved 1048576K
}
Event: 110.525 GC heap before
{Heap before GC invocations=46 (full 0):
 garbage-first heap   total 260096K, used 195232K [0x0000000080000000, 0x0000000100000000)
  region size 1024K, 49 young (50176K), 4 survivors (4096K)
 Metaspace       used 116507K, committed 117440K, reserved 1155072K
  class space    used 15804K, committed 16256K, reserved 1048576K
}
Event: 110.537 GC heap after
{Heap after GC invocations=47 (full 0):
 garbage-first heap   total 260096K, used 152844K [0x0000000080000000, 0x0000000100000000)
  region size 1024K, 7 young (7168K), 7 survivors (7168K)
 Metaspace       used 116507K, committed 117440K, reserved 1155072K
  class space    used 15804K, committed 16256K, reserved 1048576K
}
Event: 110.572 GC heap before
{Heap before GC invocations=47 (full 0):
 garbage-first heap   total 260096K, used 157964K [0x0000000080000000, 0x0000000100000000)
  region size 1024K, 12 young (12288K), 7 survivors (7168K)
 Metaspace       used 116724K, committed 117632K, reserved 1155072K
  class space    used 15845K, committed 16256K, reserved 1048576K
}
Event: 110.587 GC heap after
{Heap after GC invocations=48 (full 0):
 garbage-first heap   total 312320K, used 147780K [0x0000000080000000, 0x0000000100000000)
  region size 1024K, 2 young (2048K), 2 survivors (2048K)
 Metaspace       used 116724K, committed 117632K, reserved 1155072K
  class space    used 15845K, committed 16256K, reserved 1048576K
}
Event: 111.482 GC heap before
{Heap before GC invocations=48 (full 0):
 garbage-first heap   total 312320K, used 245060K [0x0000000080000000, 0x0000000100000000)
  region size 1024K, 98 young (100352K), 2 survivors (2048K)
 Metaspace       used 126359K, committed 127296K, reserved 1163264K
  class space    used 17658K, committed 18112K, reserved 1048576K
}
Event: 111.495 GC heap after
{Heap after GC invocations=49 (full 0):
 garbage-first heap   total 312320K, used 157492K [0x0000000080000000, 0x0000000100000000)
  region size 1024K, 12 young (12288K), 12 survivors (12288K)
 Metaspace       used 126359K, committed 127296K, reserved 1163264K
  class space    used 17658K, committed 18112K, reserved 1048576K
}
Event: 112.524 GC heap before
{Heap before GC invocations=50 (full 0):
 garbage-first heap   total 312320K, used 250676K [0x0000000080000000, 0x0000000100000000)
  region size 1024K, 101 young (103424K), 12 survivors (12288K)
 Metaspace       used 128864K, committed 129792K, reserved 1163264K
  class space    used 18114K, committed 18560K, reserved 1048576K
}
Event: 112.539 GC heap after
{Heap after GC invocations=51 (full 0):
 garbage-first heap   total 312320K, used 161334K [0x0000000080000000, 0x0000000100000000)
  region size 1024K, 9 young (9216K), 9 survivors (9216K)
 Metaspace       used 128864K, committed 129792K, reserved 1163264K
  class space    used 18114K, committed 18560K, reserved 1048576K
}
Event: 112.657 GC heap before
{Heap before GC invocations=51 (full 0):
 garbage-first heap   total 312320K, used 168502K [0x0000000080000000, 0x0000000100000000)
  region size 1024K, 15 young (15360K), 9 survivors (9216K)
 Metaspace       used 128908K, committed 129856K, reserved 1163264K
  class space    used 18114K, committed 18560K, reserved 1048576K
}
Event: 112.669 GC heap after
{Heap after GC invocations=52 (full 0):
 garbage-first heap   total 312320K, used 160042K [0x0000000080000000, 0x0000000100000000)
  region size 1024K, 2 young (2048K), 2 survivors (2048K)
 Metaspace       used 128908K, committed 129856K, reserved 1163264K
  class space    used 18114K, committed 18560K, reserved 1048576K
}
Event: 159.625 GC heap before
{Heap before GC invocations=52 (full 0):
 garbage-first heap   total 312320K, used 284970K [0x0000000080000000, 0x0000000100000000)
  region size 1024K, 90 young (92160K), 2 survivors (2048K)
 Metaspace       used 131771K, committed 132736K, reserved 1163264K
  class space    used 18463K, committed 18944K, reserved 1048576K
}
Event: 159.638 GC heap after
{Heap after GC invocations=53 (full 0):
 garbage-first heap   total 312320K, used 167804K [0x0000000080000000, 0x0000000100000000)
  region size 1024K, 11 young (11264K), 11 survivors (11264K)
 Metaspace       used 131771K, committed 132736K, reserved 1163264K
  class space    used 18463K, committed 18944K, reserved 1048576K
}
Event: 160.948 GC heap before
{Heap before GC invocations=54 (full 0):
 garbage-first heap   total 312320K, used 249724K [0x0000000080000000, 0x0000000100000000)
  region size 1024K, 93 young (95232K), 11 survivors (11264K)
 Metaspace       used 136534K, committed 137472K, reserved 1171456K
  class space    used 19063K, committed 19520K, reserved 1048576K
}
Event: 160.971 GC heap after
{Heap after GC invocations=55 (full 0):
 garbage-first heap   total 312320K, used 189081K [0x0000000080000000, 0x0000000100000000)
  region size 1024K, 12 young (12288K), 12 survivors (12288K)
 Metaspace       used 136534K, committed 137472K, reserved 1171456K
  class space    used 19063K, committed 19520K, reserved 1048576K
}
Event: 161.004 GC heap before
{Heap before GC invocations=55 (full 0):
 garbage-first heap   total 312320K, used 192153K [0x0000000080000000, 0x0000000100000000)
  region size 1024K, 15 young (15360K), 12 survivors (12288K)
 Metaspace       used 136536K, committed 137472K, reserved 1171456K
  class space    used 19063K, committed 19520K, reserved 1048576K
}
Event: 161.020 GC heap after
{Heap after GC invocations=56 (full 0):
 garbage-first heap   total 312320K, used 182272K [0x0000000080000000, 0x0000000100000000)
  region size 1024K, 2 young (2048K), 2 survivors (2048K)
 Metaspace       used 136536K, committed 137472K, reserved 1171456K
  class space    used 19063K, committed 19520K, reserved 1048576K
}
Event: 161.673 GC heap before
{Heap before GC invocations=56 (full 0):
 garbage-first heap   total 312320K, used 270336K [0x0000000080000000, 0x0000000100000000)
  region size 1024K, 57 young (58368K), 2 survivors (2048K)
 Metaspace       used 139127K, committed 140160K, reserved 1171456K
  class space    used 19338K, committed 19840K, reserved 1048576K
}

