# JRE version: OpenJDK Runtime Environment (17.0.6) (build 17.0.6+0-b2043.56-9586694)
# Java VM: OpenJDK 64-Bit Server VM (17.0.6+0-b2043.56-9586694, mixed mode, tiered, compressed oops, compressed class ptrs, g1 gc, windows-amd64)
GC Precious Log:
 CPUs: 8 total, 8 available
 Memory: 8078M
 Large Page Support: Disabled
 NUMA Support: Disabled
 Compressed Oops: Enabled (32-bit)
 Heap Region Size: 1M
 Heap Min Capacity: 8M
 Heap Initial Capacity: 128M
 Heap Max Capacity: 2020M
 Pre-touch: Disabled
 Parallel Workers: 8
 Concurrent Workers: 2
 Concurrent Refinement Workers: 8
 Periodic GC: Disabled
Heap:
 garbage-first heap   total 67584K, used 34687K [0x0000000081c00000, 0x0000000100000000)
  region size 1024K, 11 young (11264K), 3 survivors (3072K)
 Metaspace       used 47004K, committed 47232K, reserved 1097728K
  class space    used 5696K, committed 5760K, reserved 1048576K
GC Heap History (20 events):
Event: 0.602 GC heap before
{Heap before GC invocations=0 (full 0):
 garbage-first heap   total 131072K, used 27648K [0x0000000081c00000, 0x0000000100000000)
  region size 1024K, 23 young (23552K), 0 survivors (0K)
 Metaspace       used 13312K, committed 13440K, reserved 1064960K
  class space    used 1282K, committed 1344K, reserved 1048576K
}
Event: 0.605 GC heap after
{Heap after GC invocations=1 (full 0):
 garbage-first heap   total 131072K, used 7007K [0x0000000081c00000, 0x0000000100000000)
  region size 1024K, 3 young (3072K), 3 survivors (3072K)
 Metaspace       used 13312K, committed 13440K, reserved 1064960K
  class space    used 1282K, committed 1344K, reserved 1048576K
}
Event: 1.126 GC heap before
{Heap before GC invocations=1 (full 0):
 garbage-first heap   total 131072K, used 38751K [0x0000000081c00000, 0x0000000100000000)
  region size 1024K, 35 young (35840K), 3 survivors (3072K)
 Metaspace       used 21320K, committed 21504K, reserved 1073152K
  class space    used 2323K, committed 2432K, reserved 1048576K
}
Event: 1.135 GC heap after
{Heap after GC invocations=2 (full 0):
 garbage-first heap   total 131072K, used 10244K [0x0000000081c00000, 0x0000000100000000)
  region size 1024K, 4 young (4096K), 4 survivors (4096K)
 Metaspace       used 21320K, committed 21504K, reserved 1073152K
  class space    used 2323K, committed 2432K, reserved 1048576K
}
Event: 1.520 GC heap before
{Heap before GC invocations=3 (full 0):
 garbage-first heap   total 40960K, used 32772K [0x0000000081c00000, 0x0000000100000000)
  region size 1024K, 23 young (23552K), 4 survivors (4096K)
 Metaspace       used 26995K, committed 27264K, reserved 1081344K
  class space    used 2970K, committed 3072K, reserved 1048576K
}
Event: 1.528 GC heap after
{Heap after GC invocations=4 (full 0):
 garbage-first heap   total 40960K, used 16386K [0x0000000081c00000, 0x0000000100000000)
  region size 1024K, 2 young (2048K), 2 survivors (2048K)
 Metaspace       used 26995K, committed 27264K, reserved 1081344K
  class space    used 2970K, committed 3072K, reserved 1048576K
}
Event: 1.549 GC heap before
{Heap before GC invocations=4 (full 0):
 garbage-first heap   total 40960K, used 17410K [0x0000000081c00000, 0x0000000100000000)
  region size 1024K, 3 young (3072K), 2 survivors (2048K)
 Metaspace       used 27378K, committed 27648K, reserved 1081344K
  class space    used 3015K, committed 3136K, reserved 1048576K
}
Event: 1.553 GC heap after
{Heap after GC invocations=5 (full 0):
 garbage-first heap   total 40960K, used 16799K [0x0000000081c00000, 0x0000000100000000)
  region size 1024K, 1 young (1024K), 1 survivors (1024K)
 Metaspace       used 27378K, committed 27648K, reserved 1081344K
  class space    used 3015K, committed 3136K, reserved 1048576K
}
Event: 1.834 GC heap before
{Heap before GC invocations=5 (full 0):
 garbage-first heap   total 40960K, used 31135K [0x0000000081c00000, 0x0000000100000000)
  region size 1024K, 15 young (15360K), 1 survivors (1024K)
 Metaspace       used 31014K, committed 31232K, reserved 1081344K
  class space    used 3768K, committed 3904K, reserved 1048576K
}
Event: 1.839 GC heap after
{Heap after GC invocations=6 (full 0):
 garbage-first heap   total 40960K, used 18185K [0x0000000081c00000, 0x0000000100000000)
  region size 1024K, 2 young (2048K), 2 survivors (2048K)
 Metaspace       used 31014K, committed 31232K, reserved 1081344K
  class space    used 3768K, committed 3904K, reserved 1048576K
}
Event: 2.044 GC heap before
{Heap before GC invocations=6 (full 0):
 garbage-first heap   total 40960K, used 33545K [0x0000000081c00000, 0x0000000100000000)
  region size 1024K, 15 young (15360K), 2 survivors (2048K)
 Metaspace       used 31993K, committed 32256K, reserved 1081344K
  class space    used 4031K, committed 4160K, reserved 1048576K
}
Event: 2.052 GC heap after
{Heap after GC invocations=7 (full 0):
 garbage-first heap   total 40960K, used 23677K [0x0000000081c00000, 0x0000000100000000)
  region size 1024K, 2 young (2048K), 2 survivors (2048K)
 Metaspace       used 31993K, committed 32256K, reserved 1081344K
  class space    used 4031K, committed 4160K, reserved 1048576K
}
Event: 2.253 GC heap before
{Heap before GC invocations=7 (full 0):
 garbage-first heap   total 40960K, used 30845K [0x0000000081c00000, 0x0000000100000000)
  region size 1024K, 10 young (10240K), 2 survivors (2048K)
 Metaspace       used 34488K, committed 34688K, reserved 1081344K
  class space    used 4378K, committed 4480K, reserved 1048576K
}
Event: 2.260 GC heap after
{Heap after GC invocations=8 (full 0):
 garbage-first heap   total 67584K, used 24542K [0x0000000081c00000, 0x0000000100000000)
  region size 1024K, 1 young (1024K), 1 survivors (1024K)
 Metaspace       used 34488K, committed 34688K, reserved 1081344K
  class space    used 4378K, committed 4480K, reserved 1048576K
}
Event: 2.710 GC heap before
{Heap before GC invocations=9 (full 0):
 garbage-first heap   total 67584K, used 48094K [0x0000000081c00000, 0x0000000100000000)
  region size 1024K, 25 young (25600K), 1 survivors (1024K)
 Metaspace       used 38971K, committed 39232K, reserved 1089536K
  class space    used 4876K, committed 4992K, reserved 1048576K
}
Event: 2.717 GC heap after
{Heap after GC invocations=10 (full 0):
 garbage-first heap   total 67584K, used 25691K [0x0000000081c00000, 0x0000000100000000)
  region size 1024K, 4 young (4096K), 4 survivors (4096K)
 Metaspace       used 38971K, committed 39232K, reserved 1089536K
  class space    used 4876K, committed 4992K, reserved 1048576K
}
Event: 2.732 GC heap before
{Heap before GC invocations=10 (full 0):
 garbage-first heap   total 67584K, used 25691K [0x0000000081c00000, 0x0000000100000000)
  region size 1024K, 5 young (5120K), 4 survivors (4096K)
 Metaspace       used 39190K, committed 39424K, reserved 1089536K
  class space    used 4900K, committed 4992K, reserved 1048576K
}
Event: 2.738 GC heap after
{Heap after GC invocations=11 (full 0):
 garbage-first heap   total 67584K, used 25961K [0x0000000081c00000, 0x0000000100000000)
  region size 1024K, 1 young (1024K), 1 survivors (1024K)
 Metaspace       used 39190K, committed 39424K, reserved 1089536K
  class space    used 4900K, committed 4992K, reserved 1048576K
}
Event: 3.167 GC heap before
{Heap before GC invocations=11 (full 0):
 garbage-first heap   total 67584K, used 48489K [0x0000000081c00000, 0x0000000100000000)
  region size 1024K, 24 young (24576K), 1 survivors (1024K)
 Metaspace       used 44869K, committed 45056K, reserved 1089536K
  class space    used 5429K, committed 5504K, reserved 1048576K
}
Event: 3.173 GC heap after
{Heap after GC invocations=12 (full 0):
 garbage-first heap   total 67584K, used 27519K [0x0000000081c00000, 0x0000000100000000)
  region size 1024K, 3 young (3072K), 3 survivors (3072K)
 Metaspace       used 44869K, committed 45056K, reserved 1089536K
  class space    used 5429K, committed 5504K, reserved 1048576K
}

