# JRE version: OpenJDK Runtime Environment (17.0.6) (build 17.0.6+0-b2043.56-9586694)
# Java VM: OpenJDK 64-Bit Server VM (17.0.6+0-b2043.56-9586694, mixed mode, tiered, compressed oops, compressed class ptrs, g1 gc, windows-amd64)
GC Precious Log:
 CPUs: 8 total, 8 available
 Memory: 8078M
 Large Page Support: Disabled
 NUMA Support: Disabled
 Compressed Oops: Enabled (32-bit)
 Heap Region Size: 1M
 Heap Min Capacity: 8M
 Heap Initial Capacity: 128M
 Heap Max Capacity: 2020M
 Pre-touch: Disabled
 Parallel Workers: 8
 Concurrent Workers: 2
 Concurrent Refinement Workers: 8
 Periodic GC: Disabled
Heap:
 garbage-first heap   total 137216K, used 79561K [0x0000000081c00000, 0x0000000100000000)
  region size 1024K, 1 young (1024K), 1 survivors (1024K)
 Metaspace       used 83080K, committed 83392K, reserved 1130496K
  class space    used 9488K, committed 9600K, reserved 1048576K
GC Heap History (20 events):
Event: 6.723 GC heap after
{Heap after GC invocations=14 (full 0):
 garbage-first heap   total 113664K, used 36736K [0x0000000081c00000, 0x0000000100000000)
  region size 1024K, 7 young (7168K), 7 survivors (7168K)
 Metaspace       used 50791K, committed 51072K, reserved 1097728K
  class space    used 6079K, committed 6208K, reserved 1048576K
}
Event: 8.999 GC heap before
{Heap before GC invocations=14 (full 0):
 garbage-first heap   total 113664K, used 81792K [0x0000000081c00000, 0x0000000100000000)
  region size 1024K, 51 young (52224K), 7 survivors (7168K)
 Metaspace       used 57082K, committed 57408K, reserved 1105920K
  class space    used 6684K, committed 6848K, reserved 1048576K
}
Event: 9.038 GC heap after
{Heap after GC invocations=15 (full 0):
 garbage-first heap   total 113664K, used 43851K [0x0000000081c00000, 0x0000000100000000)
  region size 1024K, 7 young (7168K), 7 survivors (7168K)
 Metaspace       used 57082K, committed 57408K, reserved 1105920K
  class space    used 6684K, committed 6848K, reserved 1048576K
}
Event: 9.995 GC heap before
{Heap before GC invocations=15 (full 0):
 garbage-first heap   total 113664K, used 84811K [0x0000000081c00000, 0x0000000100000000)
  region size 1024K, 47 young (48128K), 7 survivors (7168K)
 Metaspace       used 57714K, committed 57920K, reserved 1105920K
  class space    used 6729K, committed 6848K, reserved 1048576K
}
Event: 10.037 GC heap after
{Heap after GC invocations=16 (full 0):
 garbage-first heap   total 113664K, used 50138K [0x0000000081c00000, 0x0000000100000000)
  region size 1024K, 6 young (6144K), 6 survivors (6144K)
 Metaspace       used 57714K, committed 57920K, reserved 1105920K
  class space    used 6729K, committed 6848K, reserved 1048576K
}
Event: 10.217 GC heap before
{Heap before GC invocations=16 (full 0):
 garbage-first heap   total 113664K, used 68570K [0x0000000081c00000, 0x0000000100000000)
  region size 1024K, 25 young (25600K), 6 survivors (6144K)
 Metaspace       used 58224K, committed 58496K, reserved 1105920K
  class space    used 6801K, committed 6912K, reserved 1048576K
}
Event: 10.236 GC heap after
{Heap after GC invocations=17 (full 0):
 garbage-first heap   total 137216K, used 51712K [0x0000000081c00000, 0x0000000100000000)
  region size 1024K, 1 young (1024K), 1 survivors (1024K)
 Metaspace       used 58224K, committed 58496K, reserved 1105920K
  class space    used 6801K, committed 6912K, reserved 1048576K
}
Event: 12.303 GC heap before
{Heap before GC invocations=18 (full 0):
 garbage-first heap   total 137216K, used 104960K [0x0000000081c00000, 0x0000000100000000)
  region size 1024K, 53 young (54272K), 1 survivors (1024K)
 Metaspace       used 63047K, committed 63360K, reserved 1105920K
  class space    used 7310K, committed 7488K, reserved 1048576K
}
Event: 12.320 GC heap after
{Heap after GC invocations=19 (full 0):
 garbage-first heap   total 137216K, used 59171K [0x0000000081c00000, 0x0000000100000000)
  region size 1024K, 7 young (7168K), 7 survivors (7168K)
 Metaspace       used 63047K, committed 63360K, reserved 1105920K
  class space    used 7310K, committed 7488K, reserved 1048576K
}
Event: 14.033 GC heap before
{Heap before GC invocations=19 (full 0):
 garbage-first heap   total 137216K, used 107299K [0x0000000081c00000, 0x0000000100000000)
  region size 1024K, 53 young (54272K), 7 survivors (7168K)
 Metaspace       used 67447K, committed 67776K, reserved 1114112K
  class space    used 7836K, committed 8000K, reserved 1048576K
}
Event: 14.054 GC heap after
{Heap after GC invocations=20 (full 0):
 garbage-first heap   total 137216K, used 65146K [0x0000000081c00000, 0x0000000100000000)
  region size 1024K, 6 young (6144K), 6 survivors (6144K)
 Metaspace       used 67447K, committed 67776K, reserved 1114112K
  class space    used 7836K, committed 8000K, reserved 1048576K
}
Event: 15.039 GC heap before
{Heap before GC invocations=20 (full 0):
 garbage-first heap   total 137216K, used 108154K [0x0000000081c00000, 0x0000000100000000)
  region size 1024K, 48 young (49152K), 6 survivors (6144K)
 Metaspace       used 72659K, committed 72960K, reserved 1114112K
  class space    used 8396K, committed 8512K, reserved 1048576K
}
Event: 15.054 GC heap after
{Heap after GC invocations=21 (full 0):
 garbage-first heap   total 137216K, used 68255K [0x0000000081c00000, 0x0000000100000000)
  region size 1024K, 4 young (4096K), 4 survivors (4096K)
 Metaspace       used 72659K, committed 72960K, reserved 1114112K
  class space    used 8396K, committed 8512K, reserved 1048576K
}
Event: 16.132 GC heap before
{Heap before GC invocations=21 (full 0):
 garbage-first heap   total 137216K, used 109215K [0x0000000081c00000, 0x0000000100000000)
  region size 1024K, 44 young (45056K), 4 survivors (4096K)
 Metaspace       used 77538K, committed 77888K, reserved 1122304K
  class space    used 8866K, committed 9024K, reserved 1048576K
}
Event: 16.143 GC heap after
{Heap after GC invocations=22 (full 0):
 garbage-first heap   total 137216K, used 74393K [0x0000000081c00000, 0x0000000100000000)
  region size 1024K, 6 young (6144K), 6 survivors (6144K)
 Metaspace       used 77538K, committed 77888K, reserved 1122304K
  class space    used 8866K, committed 9024K, reserved 1048576K
}
Event: 16.885 GC heap before
{Heap before GC invocations=23 (full 0):
 garbage-first heap   total 137216K, used 109209K [0x0000000081c00000, 0x0000000100000000)
  region size 1024K, 40 young (40960K), 6 survivors (6144K)
 Metaspace       used 82401K, committed 82752K, reserved 1122304K
  class space    used 9436K, committed 9600K, reserved 1048576K
}
Event: 16.905 GC heap after
{Heap after GC invocations=24 (full 0):
 garbage-first heap   total 137216K, used 79355K [0x0000000081c00000, 0x0000000100000000)
  region size 1024K, 5 young (5120K), 5 survivors (5120K)
 Metaspace       used 82401K, committed 82752K, reserved 1122304K
  class space    used 9436K, committed 9600K, reserved 1048576K
}
Event: 16.942 GC heap before
{Heap before GC invocations=24 (full 0):
 garbage-first heap   total 137216K, used 80379K [0x0000000081c00000, 0x0000000100000000)
  region size 1024K, 6 young (6144K), 5 survivors (5120K)
 Metaspace       used 82456K, committed 82816K, reserved 1122304K
  class space    used 9441K, committed 9600K, reserved 1048576K
}
Event: 16.956 GC heap after
{Heap after GC invocations=25 (full 0):
 garbage-first heap   total 137216K, used 79769K [0x0000000081c00000, 0x0000000100000000)
  region size 1024K, 1 young (1024K), 1 survivors (1024K)
 Metaspace       used 82456K, committed 82816K, reserved 1122304K
  class space    used 9441K, committed 9600K, reserved 1048576K
}
Event: 17.403 GC heap before
{Heap before GC invocations=25 (full 0):
 garbage-first heap   total 137216K, used 110489K [0x0000000081c00000, 0x0000000100000000)
  region size 1024K, 31 young (31744K), 1 survivors (1024K)
 Metaspace       used 83080K, committed 83392K, reserved 1130496K
  class space    used 9488K, committed 9600K, reserved 1048576K
}

