# JRE version: OpenJDK Runtime Environment (17.0.6) (build 17.0.6+0-b2043.56-9586694)
# Java VM: OpenJDK 64-Bit Server VM (17.0.6+0-b2043.56-9586694, mixed mode, tiered, compressed oops, compressed class ptrs, g1 gc, windows-amd64)
GC Precious Log:
 CPUs: 8 total, 8 available
 Memory: 8078M
 Large Page Support: Disabled
 NUMA Support: Disabled
 Compressed Oops: Enabled (32-bit)
 Heap Region Size: 1M
 Heap Min Capacity: 8M
 Heap Initial Capacity: 128M
 Heap Max Capacity: 2020M
 Pre-touch: Disabled
 Parallel Workers: 8
 Concurrent Workers: 2
 Concurrent Refinement Workers: 8
 Periodic GC: Disabled
Heap:
 garbage-first heap   total 97280K, used 44980K [0x0000000081c00000, 0x0000000100000000)
  region size 1024K, 3 young (3072K), 3 survivors (3072K)
 Metaspace       used 56923K, committed 57216K, reserved 1105920K
  class space    used 6702K, committed 6848K, reserved 1048576K
GC Heap History (20 events):
Event: 1.808 GC heap after
{Heap after GC invocations=6 (full 0):
 garbage-first heap   total 41984K, used 17868K [0x0000000081c00000, 0x0000000100000000)
  region size 1024K, 2 young (2048K), 2 survivors (2048K)
 Metaspace       used 31005K, committed 31232K, reserved 1081344K
  class space    used 3769K, committed 3904K, reserved 1048576K
}
Event: 2.008 GC heap before
{Heap before GC invocations=6 (full 0):
 garbage-first heap   total 41984K, used 34252K [0x0000000081c00000, 0x0000000100000000)
  region size 1024K, 16 young (16384K), 2 survivors (2048K)
 Metaspace       used 32240K, committed 32448K, reserved 1081344K
  class space    used 4113K, committed 4224K, reserved 1048576K
}
Event: 2.017 GC heap after
{Heap after GC invocations=7 (full 0):
 garbage-first heap   total 64512K, used 23459K [0x0000000081c00000, 0x0000000100000000)
  region size 1024K, 2 young (2048K), 2 survivors (2048K)
 Metaspace       used 32240K, committed 32448K, reserved 1081344K
  class space    used 4113K, committed 4224K, reserved 1048576K
}
Event: 2.281 GC heap before
{Heap before GC invocations=7 (full 0):
 garbage-first heap   total 64512K, used 37795K [0x0000000081c00000, 0x0000000100000000)
  region size 1024K, 17 young (17408K), 2 survivors (2048K)
 Metaspace       used 35782K, committed 35968K, reserved 1081344K
  class space    used 4522K, committed 4608K, reserved 1048576K
}
Event: 2.288 GC heap after
{Heap after GC invocations=8 (full 0):
 garbage-first heap   total 64512K, used 25378K [0x0000000081c00000, 0x0000000100000000)
  region size 1024K, 2 young (2048K), 2 survivors (2048K)
 Metaspace       used 35782K, committed 35968K, reserved 1081344K
  class space    used 4522K, committed 4608K, reserved 1048576K
}
Event: 2.622 GC heap before
{Heap before GC invocations=9 (full 0):
 garbage-first heap   total 64512K, used 45858K [0x0000000081c00000, 0x0000000100000000)
  region size 1024K, 23 young (23552K), 2 survivors (2048K)
 Metaspace       used 39929K, committed 40128K, reserved 1089536K
  class space    used 4948K, committed 5056K, reserved 1048576K
}
Event: 2.629 GC heap after
{Heap after GC invocations=10 (full 0):
 garbage-first heap   total 64512K, used 25581K [0x0000000081c00000, 0x0000000100000000)
  region size 1024K, 3 young (3072K), 3 survivors (3072K)
 Metaspace       used 39929K, committed 40128K, reserved 1089536K
  class space    used 4948K, committed 5056K, reserved 1048576K
}
Event: 3.286 GC heap before
{Heap before GC invocations=10 (full 0):
 garbage-first heap   total 64512K, used 46061K [0x0000000081c00000, 0x0000000100000000)
  region size 1024K, 24 young (24576K), 3 survivors (3072K)
 Metaspace       used 45343K, committed 45568K, reserved 1089536K
  class space    used 5463K, committed 5568K, reserved 1048576K
}
Event: 3.294 GC heap after
{Heap after GC invocations=11 (full 0):
 garbage-first heap   total 64512K, used 27856K [0x0000000081c00000, 0x0000000100000000)
  region size 1024K, 3 young (3072K), 3 survivors (3072K)
 Metaspace       used 45343K, committed 45568K, reserved 1089536K
  class space    used 5463K, committed 5568K, reserved 1048576K
}
Event: 3.980 GC heap before
{Heap before GC invocations=11 (full 0):
 garbage-first heap   total 64512K, used 50384K [0x0000000081c00000, 0x0000000100000000)
  region size 1024K, 23 young (23552K), 3 survivors (3072K)
 Metaspace       used 49121K, committed 49344K, reserved 1097728K
  class space    used 5928K, committed 6016K, reserved 1048576K
}
Event: 3.994 GC heap after
{Heap after GC invocations=12 (full 0):
 garbage-first heap   total 64512K, used 32742K [0x0000000081c00000, 0x0000000100000000)
  region size 1024K, 3 young (3072K), 3 survivors (3072K)
 Metaspace       used 49121K, committed 49344K, reserved 1097728K
  class space    used 5928K, committed 6016K, reserved 1048576K
}
Event: 4.028 GC heap before
{Heap before GC invocations=12 (full 0):
 garbage-first heap   total 64512K, used 33766K [0x0000000081c00000, 0x0000000100000000)
  region size 1024K, 5 young (5120K), 3 survivors (3072K)
 Metaspace       used 49271K, committed 49472K, reserved 1097728K
  class space    used 5945K, committed 6016K, reserved 1048576K
}
Event: 4.036 GC heap after
{Heap after GC invocations=13 (full 0):
 garbage-first heap   total 77824K, used 33510K [0x0000000081c00000, 0x0000000100000000)
  region size 1024K, 1 young (1024K), 1 survivors (1024K)
 Metaspace       used 49271K, committed 49472K, reserved 1097728K
  class space    used 5945K, committed 6016K, reserved 1048576K
}
Event: 4.265 GC heap before
{Heap before GC invocations=13 (full 0):
 garbage-first heap   total 77824K, used 58086K [0x0000000081c00000, 0x0000000100000000)
  region size 1024K, 25 young (25600K), 1 survivors (1024K)
 Metaspace       used 49986K, committed 50176K, reserved 1097728K
  class space    used 6022K, committed 6080K, reserved 1048576K
}
Event: 4.270 GC heap after
{Heap after GC invocations=14 (full 0):
 garbage-first heap   total 77824K, used 34183K [0x0000000081c00000, 0x0000000100000000)
  region size 1024K, 2 young (2048K), 2 survivors (2048K)
 Metaspace       used 49986K, committed 50176K, reserved 1097728K
  class space    used 6022K, committed 6080K, reserved 1048576K
}
Event: 4.750 GC heap before
{Heap before GC invocations=14 (full 0):
 garbage-first heap   total 77824K, used 57735K [0x0000000081c00000, 0x0000000100000000)
  region size 1024K, 26 young (26624K), 2 survivors (2048K)
 Metaspace       used 51757K, committed 52032K, reserved 1097728K
  class space    used 6204K, committed 6336K, reserved 1048576K
}
Event: 4.765 GC heap after
{Heap after GC invocations=15 (full 0):
 garbage-first heap   total 77824K, used 38135K [0x0000000081c00000, 0x0000000100000000)
  region size 1024K, 4 young (4096K), 4 survivors (4096K)
 Metaspace       used 51757K, committed 52032K, reserved 1097728K
  class space    used 6204K, committed 6336K, reserved 1048576K
}
Event: 5.957 GC heap before
{Heap before GC invocations=15 (full 0):
 garbage-first heap   total 77824K, used 58615K [0x0000000081c00000, 0x0000000100000000)
  region size 1024K, 25 young (25600K), 4 survivors (4096K)
 Metaspace       used 56253K, committed 56512K, reserved 1105920K
  class space    used 6680K, committed 6848K, reserved 1048576K
}
Event: 5.975 GC heap after
{Heap after GC invocations=16 (full 0):
 garbage-first heap   total 77824K, used 41670K [0x0000000081c00000, 0x0000000100000000)
  region size 1024K, 4 young (4096K), 4 survivors (4096K)
 Metaspace       used 56253K, committed 56512K, reserved 1105920K
  class space    used 6680K, committed 6848K, reserved 1048576K
}
Event: 6.490 GC heap before
{Heap before GC invocations=16 (full 0):
 garbage-first heap   total 77824K, used 60102K [0x0000000081c00000, 0x0000000100000000)
  region size 1024K, 22 young (22528K), 4 survivors (4096K)
 Metaspace       used 56923K, committed 57216K, reserved 1105920K
  class space    used 6702K, committed 6848K, reserved 1048576K
}

